This file contains any messages produced by compilers while
running configure, to aid debugging if configure makes a mistake.

It was created by configure, which was
generated by GNU Autoconf 2.67.  Invocation command line was

  $ ./configure 

## --------- ##
## Platform. ##
## --------- ##

hostname = w34p0nM
uname -m = x86_64
uname -r = 3.2.0-35-generic
uname -s = Linux
uname -v = #55-Ubuntu SMP Wed Dec 5 17:42:16 UTC 2012

/usr/bin/uname -p = unknown
/bin/uname -X     = unknown

/bin/arch              = unknown
/usr/bin/arch -k       = unknown
/usr/convex/getsysinfo = unknown
/usr/bin/hostinfo      = unknown
/bin/machine           = unknown
/usr/bin/oslevel       = unknown
/bin/universe          = unknown

PATH: /home/w34p0n/perl5/bin
PATH: /usr/local/sbin
PATH: /usr/local/bin
PATH: /usr/sbin
PATH: /usr/bin
PATH: /sbin
PATH: /bin
PATH: /usr/games
PATH: /home/w34p0n/tools/installed/bin
PATH: /home/w34p0n/tools/installed/bin
PATH: /home/w34p0n/bin
PATH: /home/w34p0n/tools/android_sdk/platform-tools
PATH: /home/w34p0n/tools/android_sdk/tools
PATH: /home/w34p0n/tmp/bin/
PATH: /opt/flex/bin
PATH: /home/w34p0n/mydisk/google-dev/automate/cef3/depot_tools


## ----------- ##
## Core tests. ##
## ----------- ##

configure:1767: checking for a BSD-compatible install
configure:1835: result: /usr/bin/install -c
configure:1846: checking whether build environment is sane
configure:1896: result: yes
configure:2037: checking for a thread-safe mkdir -p
configure:2076: result: /bin/mkdir -p
configure:2089: checking for gawk
configure:2105: found /usr/bin/gawk
configure:2116: result: gawk
configure:2127: checking whether make sets $(MAKE)
configure:2149: result: yes
configure:2230: checking whether to enable maintainer-specific portions of Makefiles
configure:2239: result: no
configure:2262: checking build system type
configure:2276: result: x86_64-unknown-linux-gnu
configure:2296: checking host system type
configure:2309: result: x86_64-unknown-linux-gnu
configure:2376: checking for cvs
configure:2392: found /usr/bin/cvs
configure:2404: result: cvs -z3
configure:2412: checking whether ln -s works
configure:2416: result: yes
configure:2428: checking for emacs
configure:2444: found /home/w34p0n/tools/installed/bin/emacs
configure:2455: result: emacs
configure:2471: checking detecting your emacs type
configure:2488: result: emacs21
configure:2543: checking where .elc files should go
configure:2572: result: /home/w34p0n/tools/installed/share/emacs/site-lisp
configure:2592: checking where howm files should go
configure:2600: result: ${lispdir}/howm
configure:2646: checking where ext files should go
configure:2654: result: ${datadir}/howm/ext
configure:2839: creating ./config.status

## ---------------------- ##
## Running config.status. ##
## ---------------------- ##

This file was extended by config.status, which was
generated by GNU Autoconf 2.67.  Invocation command line was

  CONFIG_FILES    = 
  CONFIG_HEADERS  = 
  CONFIG_LINKS    = 
  CONFIG_COMMANDS = 
  $ ./config.status 

on w34p0nM

config.status:781: creating Makefile
config.status:781: creating doc/Makefile
config.status:781: creating ext/Makefile
config.status:781: creating en/Makefile
config.status:781: creating ja/Makefile
config.status:781: creating sample/Makefile

## ---------------- ##
## Cache variables. ##
## ---------------- ##

ac_cv_build=x86_64-unknown-linux-gnu
ac_cv_env_build_alias_set=
ac_cv_env_build_alias_value=
ac_cv_env_host_alias_set=
ac_cv_env_host_alias_value=
ac_cv_env_target_alias_set=
ac_cv_env_target_alias_value=
ac_cv_extdir='${datadir}/howm/ext'
ac_cv_host=x86_64-unknown-linux-gnu
ac_cv_howmdir='${lispdir}/howm'
ac_cv_path_install='/usr/bin/install -c'
ac_cv_path_mkdir=/bin/mkdir
ac_cv_prog_AWK=gawk
ac_cv_prog_CVS='cvs -z3'
ac_cv_prog_EMACS=emacs
ac_cv_prog_make_make_set=yes
am_cv_lispdir=/home/w34p0n/tools/installed/share/emacs/site-lisp

## ----------------- ##
## Output variables. ##
## ----------------- ##

ACLOCAL='${SHELL} /home/w34p0n/.emacs.d/repo/howm-1.4.1/missing --run aclocal-1.11'
AMTAR='${SHELL} /home/w34p0n/.emacs.d/repo/howm-1.4.1/missing --run tar'
AUTOCONF='${SHELL} /home/w34p0n/.emacs.d/repo/howm-1.4.1/missing --run autoconf'
AUTOHEADER='${SHELL} /home/w34p0n/.emacs.d/repo/howm-1.4.1/missing --run autoheader'
AUTOMAKE='${SHELL} /home/w34p0n/.emacs.d/repo/howm-1.4.1/missing --run automake-1.11'
AWK='gawk'
CVS='cvs -z3'
CYGPATH_W='echo'
DEFS='-DPACKAGE_NAME=\"\" -DPACKAGE_TARNAME=\"\" -DPACKAGE_VERSION=\"\" -DPACKAGE_STRING=\"\" -DPACKAGE_BUGREPORT=\"\" -DPACKAGE_URL=\"\" -DPACKAGE=\"howm\" -DVERSION=\"1.4.1\"'
ECHO_C=''
ECHO_N='-n'
ECHO_T=''
EMACS='emacs'
INSTALL_DATA='${INSTALL} -m 644'
INSTALL_PROGRAM='${INSTALL}'
INSTALL_SCRIPT='${INSTALL}'
INSTALL_STRIP_PROGRAM='$(install_sh) -c -s'
LIBOBJS=''
LIBS=''
LN_S='ln -s'
LTLIBOBJS=''
MAINT='#'
MAINTAINER_MODE_FALSE=''
MAINTAINER_MODE_TRUE='#'
MAKEINFO='${SHELL} /home/w34p0n/.emacs.d/repo/howm-1.4.1/missing --run makeinfo'
MKDIR_P='/bin/mkdir -p'
PACKAGE='howm'
PACKAGE_BUGREPORT=''
PACKAGE_NAME=''
PACKAGE_STRING=''
PACKAGE_TARNAME=''
PACKAGE_URL=''
PACKAGE_VERSION=''
PATH_SEPARATOR=':'
SET_MAKE=''
SHELL='/bin/bash'
STRIP=''
VERSION='1.4.1'
am__isrc=''
am__leading_dot='.'
am__tar='${AMTAR} chof - "$$tardir"'
am__untar='${AMTAR} xf -'
bindir='${exec_prefix}/bin'
build='x86_64-unknown-linux-gnu'
build_alias=''
build_cpu='x86_64'
build_os='linux-gnu'
build_vendor='unknown'
datadir='${datarootdir}'
datarootdir='${prefix}/share'
docdir='${datarootdir}/doc/${PACKAGE}'
dvidir='${docdir}'
exec_prefix='${prefix}'
extdir='${datadir}/howm/ext'
host='x86_64-unknown-linux-gnu'
host_alias=''
host_cpu='x86_64'
host_os='linux-gnu'
host_vendor='unknown'
howmdir='${lispdir}/howm'
htmldir='${docdir}'
includedir='${prefix}/include'
infodir='${datarootdir}/info'
install_sh='${SHELL} /home/w34p0n/.emacs.d/repo/howm-1.4.1/install-sh'
libdir='${exec_prefix}/lib'
libexecdir='${exec_prefix}/libexec'
lispdir='/home/w34p0n/tools/installed/share/emacs/site-lisp'
localedir='${datarootdir}/locale'
localstatedir='${prefix}/var'
mandir='${datarootdir}/man'
mkdir_p='/bin/mkdir -p'
oldincludedir='/usr/include'
packagedir=''
pdfdir='${docdir}'
prefix='/usr/local'
program_transform_name='s,x,x,'
psdir='${docdir}'
sbindir='${exec_prefix}/sbin'
sharedstatedir='${prefix}/com'
sysconfdir='${prefix}/etc'
target_alias=''

## ----------- ##
## confdefs.h. ##
## ----------- ##

/* confdefs.h */
#define PACKAGE_NAME ""
#define PACKAGE_TARNAME ""
#define PACKAGE_VERSION ""
#define PACKAGE_STRING ""
#define PACKAGE_BUGREPORT ""
#define PACKAGE_URL ""
#define PACKAGE "howm"
#define VERSION "1.4.1"

configure: exit 0
